<?xml version="1.0" encoding="UTF-8" ?>
<testsuites>
  <testsuite errors="0" failures="0" hostname="stevekrenek" id="0" name="FilterServiceTests" package="com.zeddware.grails.plugins.filterpane" tests="6" time="0.453" timestamp="2009-11-18T06:08:15">
      <properties />

      <testcase classname="com.zeddware.grails.plugins.filterpane.FilterServiceTests" name="testFilterBooksNoCount" time="0.223" />

      <testcase classname="com.zeddware.grails.plugins.filterpane.FilterServiceTests" name="testFilterCount" time="0.019" />

      <testcase classname="com.zeddware.grails.plugins.filterpane.FilterServiceTests" name="testIdFilter" time="0.065" />

      <testcase classname="com.zeddware.grails.plugins.filterpane.FilterServiceTests" name="testAssociatedCollectionFilter" time="0.033" />

      <testcase classname="com.zeddware.grails.plugins.filterpane.FilterServiceTests" name="testAssociationFilter" time="0.019" />

      <testcase classname="com.zeddware.grails.plugins.filterpane.FilterServiceTests" name="testEmptyParams" time="0.034" />

      <system-out><![CDATA[--Output from testFilterBooksNoCount--
--Output from testFilterCount--
--Output from testIdFilter--
--Output from testAssociatedCollectionFilter--
--Output from testAssociationFilter--
--Output from testEmptyParams--
]]></system-out>

      <system-err><![CDATA[--Output from testFilterBooksNoCount--
--Output from testFilterCount--
--Output from testIdFilter--
--Output from testAssociatedCollectionFilter--
--Output from testAssociationFilter--
--Output from testEmptyParams--
]]></system-err>

  </testsuite>
  <testsuite errors="0" failures="0" hostname="stevekrenek" id="1" name="FilterTagLibTests" package="com.zeddware.grails.plugins.filterpane" tests="5" time="0.473" timestamp="2009-11-18T06:08:16">
      <properties />

      <testcase classname="com.zeddware.grails.plugins.filterpane.FilterTagLibTests" name="testIncludes" time="0.168" />

      <testcase classname="com.zeddware.grails.plugins.filterpane.FilterTagLibTests" name="testIsFilteredNoOutput" time="0.082" />

      <testcase classname="com.zeddware.grails.plugins.filterpane.FilterTagLibTests" name="testIsFilteredWithOutput" time="0.073" />

      <testcase classname="com.zeddware.grails.plugins.filterpane.FilterTagLibTests" name="testIsNotFilteredNoOutput" time="0.071" />

      <testcase classname="com.zeddware.grails.plugins.filterpane.FilterTagLibTests" name="testIsNotFilteredWithOutput" time="0.068" />

      <system-out><![CDATA[--Output from testIncludes--
out is '<link rel="stylesheet" type="text/css" href="/css/fp.css" />
<script type="text/javascript" src="/js/filter.js"></script>'
--Output from testIsFilteredNoOutput--
out is ''
--Output from testIsFilteredWithOutput--
out is 'testing'
--Output from testIsNotFilteredNoOutput--
out is ''
--Output from testIsNotFilteredWithOutput--
out is 'testing'
]]></system-out>

      <system-err><![CDATA[--Output from testIncludes--
--Output from testIsFilteredNoOutput--
--Output from testIsFilteredWithOutput--
--Output from testIsNotFilteredNoOutput--
--Output from testIsNotFilteredWithOutput--
]]></system-err>

  </testsuite>
</testsuites>
