<?xml version="1.0" encoding="UTF-8" ?>
<testsuites>
  <testsuite errors="0" failures="0" hostname="SteveKrenek.local" id="0" name="FilterServiceTests" package="com.zeddware.grails.plugins.filterpane" tests="6" time="0.406" timestamp="2009-10-27T14:16:00">
      <properties />

      <testcase classname="com.zeddware.grails.plugins.filterpane.FilterServiceTests" name="testFilterBooksNoCount" time="0.139" />

      <testcase classname="com.zeddware.grails.plugins.filterpane.FilterServiceTests" name="testFilterCount" time="0.035" />

      <testcase classname="com.zeddware.grails.plugins.filterpane.FilterServiceTests" name="testIdFilter" time="0.096" />

      <testcase classname="com.zeddware.grails.plugins.filterpane.FilterServiceTests" name="testAssociatedCollectionFilter" time="0.035" />

      <testcase classname="com.zeddware.grails.plugins.filterpane.FilterServiceTests" name="testAssociationFilter" time="0.017" />

      <testcase classname="com.zeddware.grails.plugins.filterpane.FilterServiceTests" name="testEmptyParams" time="0.036" />

      <system-out><![CDATA[--Output from testFilterBooksNoCount--
--Output from testFilterCount--
--Output from testIdFilter--
--Output from testAssociatedCollectionFilter--
--Output from testAssociationFilter--
--Output from testEmptyParams--
]]></system-out>

      <system-err><![CDATA[--Output from testFilterBooksNoCount--
--Output from testFilterCount--
--Output from testIdFilter--
--Output from testAssociatedCollectionFilter--
--Output from testAssociationFilter--
--Output from testEmptyParams--
]]></system-err>

  </testsuite>
  <testsuite errors="0" failures="0" hostname="SteveKrenek.local" id="1" name="FilterTagLibTests" package="com.zeddware.grails.plugins.filterpane" tests="5" time="0.735" timestamp="2009-10-27T14:16:00">
      <properties />

      <testcase classname="com.zeddware.grails.plugins.filterpane.FilterTagLibTests" name="testIncludes" time="0.178" />

      <testcase classname="com.zeddware.grails.plugins.filterpane.FilterTagLibTests" name="testIsFilteredNoOutput" time="0.078" />

      <testcase classname="com.zeddware.grails.plugins.filterpane.FilterTagLibTests" name="testIsFilteredWithOutput" time="0.071" />

      <testcase classname="com.zeddware.grails.plugins.filterpane.FilterTagLibTests" name="testIsNotFilteredNoOutput" time="0.272" />

      <testcase classname="com.zeddware.grails.plugins.filterpane.FilterTagLibTests" name="testIsNotFilteredWithOutput" time="0.099" />

      <system-out><![CDATA[--Output from testIncludes--
out is '<link rel="stylesheet" type="text/css" href="/css/fp.css" />
<script type="text/javascript" src="/js/filter.js"></script>'
--Output from testIsFilteredNoOutput--
out is ''
--Output from testIsFilteredWithOutput--
out is 'testing'
--Output from testIsNotFilteredNoOutput--
out is ''
--Output from testIsNotFilteredWithOutput--
out is 'testing'
]]></system-out>

      <system-err><![CDATA[--Output from testIncludes--
--Output from testIsFilteredNoOutput--
--Output from testIsFilteredWithOutput--
--Output from testIsNotFilteredNoOutput--
--Output from testIsNotFilteredWithOutput--
]]></system-err>

  </testsuite>
</testsuites>
